<?xml version="1.0" encoding="UTF-8"?>
<testng-results skipped="0" failed="0" total="1" passed="1">
  <reporter-output>
  </reporter-output>
  <suite name="Default suite" duration-ms="3152" started-at="2022-02-23T13:18:54Z" finished-at="2022-02-23T13:18:57Z">
    <groups>
    </groups>
    <test name="Default test" duration-ms="3152" started-at="2022-02-23T13:18:54Z" finished-at="2022-02-23T13:18:57Z">
      <class name="FinanceTrackertest.NewTest">
        <test-method status="PASS" signature="beforeTest()[pri:0, instance:FinanceTrackertest.NewTest@7d68ef40]" name="beforeTest" is-config="true" duration-ms="7" started-at="2022-02-23T21:18:54Z" finished-at="2022-02-23T21:18:54Z">
          <reporter-output>
          </reporter-output>
        </test-method> <!-- beforeTest -->
        <test-method status="PASS" signature="f()[pri:0, instance:FinanceTrackertest.NewTest@7d68ef40]" name="f" duration-ms="3133" started-at="2022-02-23T21:18:54Z" finished-at="2022-02-23T21:18:57Z">
          <reporter-output>
          </reporter-output>
        </test-method> <!-- f -->
        <test-method status="PASS" signature="afterTest()[pri:0, instance:FinanceTrackertest.NewTest@7d68ef40]" name="afterTest" is-config="true" duration-ms="0" started-at="2022-02-23T21:18:57Z" finished-at="2022-02-23T21:18:57Z">
          <reporter-output>
          </reporter-output>
        </test-method> <!-- afterTest -->
      </class> <!-- FinanceTrackertest.NewTest -->
    </test> <!-- Default test -->
  </suite> <!-- Default suite -->
</testng-results>
